[www.pixelsfinance.site/index.html]
[static.parastorage.com/unpkg/core-js-bundle@3.2.1/minified.js]
[static.parastorage.com/unpkg/focus-within-polyfill@5.0.9/dist/focus-within-polyfill.js]
[backblue.gif]
[fade.gif]
[index.html]
[polyfill.io/v3/polyfill.mind82c.js]
[www.pixelsfinance.site/decodeURIComponent(e]
[browser.sentry-cdn.com/5.21.4/bundle.min.js]
[www.pixelsfinance.site/https_]
[www.pixelsfinance.site/sitemap.xml]
[www.pixelsfinance.site/feed.xml]
[static.parastorage.com/services/wix-thunderbolt/dist/bootstrap-features.2c3f0dbb.bundle.min.js]
[static.parastorage.com/services/wix-thunderbolt/dist/main.bca04e3e.bundle.min.js]
[static.parastorage.com/unpkg/lodash@4.17.15/lodash.min.js]
[static.parastorage.com/unpkg/react@16.13.1/umd/react.production.min.js]
[static.parastorage.com/services/wix-thunderbolt/dist/wix-code-sdk-providers.a11970ec.chunk.min.js]
[static.parastorage.com/services/wix-thunderbolt/dist/siteMembers.5a7b5298.chunk.min.js]
[static.parastorage.com/services/wix-thunderbolt/dist/tpaCommons.6254454a.chunk.min.js]
[static.parastorage.com/services/wix-thunderbolt/dist/windowMessageRegistrar.3f1ce497.chunk.min.js]
[static.parastorage.com/services/wix-thunderbolt/dist/platform.e8102df3.chunk.min.js]
[static.parastorage.com/services/editor-elements/dist/componentSdks.ff1445a6.bundle.min.js]
[static.parastorage.com/services/tag-manager-client/1.427.0/siteTags.bundle.min.js]
[static.parastorage.com/services/editor-elements/dist/thunderboltElements.ef70f680.bundle.min.js]
[static.parastorage.com/services/wix-perf-measure/1.474.0/wix-perf-measure.bundle.min.js]
[www.pixelsfinance.site/version/index.html]
[static.parastorage.com/unpkg/react-dom@16.13.1/umd/react-dom.production.min.js]
[static.wixstatic.com/media/6193b3_ac2c525036744f0885cf5aca0b90f9be_mv2.gif]
[static.wixstatic.com/media/6193b3_33cf1bea0d584947a11178e98d994afb_mv2.png/v1/fill/w_128,h_27,al_c,usm_0.66_1.00_0.01,blur_2/CV-pMLbj_JWqkwYLPcfYlg80aTl6jTh0GUJKc8p1.png]
[static.wixstatic.com/media/6193b3_a19c556051324df88a61c9e3b2f182e7_mv2.gif]
[www.pixelsfinance.site/home.html]
[www.pixelsfinance.site/index.html]
[www.pixelsfinance.site/decodeURIComponent(e.html]
[www.pixelsfinance.site/https_.html]
[www.pixelsfinance.site/sitemap.html]
[www.pixelsfinance.site/feed.html]
[www.pixelsfinance.site/version/index.html]
[static.parastorage.com/services/editor-elements/dist/bootstrap-components-common.d4b97a86.chunk.min.js]
[static.parastorage.com/services/wix-code-platform/1.878.0/wixCodeNamespacesAndElementorySupport.min.js]
[www.pixelsfinance.site/whitepaper.html]
[b065c4c3-f4d4-4bf4-b073-62fbcf77d245.static.pub.wix-code.com/static/v2/53b131be-3e58-4b66-b768-4120f8dbc08f/b065c4c3-f4d4-4bf4-b073-62fbcf77d245/pages/mua1n.js]
[b065c4c3-f4d4-4bf4-b073-62fbcf77d245.static.pub.wix-code.com/static/v2/53b131be-3e58-4b66-b768-4120f8dbc08f/b065c4c3-f4d4-4bf4-b073-62fbcf77d245/pages/masterPage.js]
[static.wixstatic.com/media/6193b3_b1c5cb35bc654f80b4c7dbe721ce812b_mv2.gif]
[static.wixstatic.com/media/6193b3_ab221895409e46889b2443548fd0f3b5_mv2.png/v1/fill/w_71,h_72,al_c,usm_0.66_1.00_0.01,blur_3/unknown.png]
[www.pixelsfinance.site/mario1.21.delayed]
[static.wixstatic.com/media/6193b3_e7452910818f498bb1f65492a56655eb_mv2.png/v1/crop/x_0,y_82,w_97,h_113/fill/w_122,h_142,al_c,lg_1,blur_2/mario1.png]
[static.wixstatic.com/media/6193b3_246eb966559d461eb2c5718ed11d3711_mv2.gif]
[www.pixelsfinance.site/Group_2_edited.24.delayed]
[static.wixstatic.com/media/6193b3_bea55d8d49a845ac8f81117b9308eba6_mv2.png/v1/crop/x_0,y_0,w_233,h_427/fill/w_84,h_154,al_c,usm_0.66_1.00_0.01,blur_2/Group_2_edited.png]
[static.wixstatic.com/media/1f0994_95226a8a626b4a718497d6737fbfbb2c_mv2.gif]
[static.wixstatic.com/media/6193b3_bea55d8d49a845ac8f81117b9308eba6_mv2.png/v1/crop/x_233,y_0,w_215,h_427/fill/w_193,h_384,al_c,usm_0.66_1.00_0.01,blur_3/Group_2_edited.png]
[static.wixstatic.com/media/6193b3_b87b0c828e134717b648fe80f35563e7_mv2.png/v1/fill/w_224,h_114,al_c,usm_0.66_1.00_0.01,blur_2/image_4.png]
[static.wixstatic.com/media/6193b3_bea55d8d49a845ac8f81117b9308eba6_mv2.png/v1/crop/x_454,y_2,w_216,h_424/fill/w_78,h_154,al_c,usm_0.66_1.00_0.01,blur_2/Group_2_edited.png]
[static.wixstatic.com/media/6193b3_7247b5c45b9b4462b3c8b382c840fd5f_mv2.gif]
[static.wixstatic.com/media/6193b3_5b32b82b00bf45e08fc25b6355aeef2e_mv2.png/v1/crop/x_133,y_111,w_506,h_264/fill/w_147,h_77,al_c,usm_0.66_1.00_0.01,blur_2/delorean-dmc-12-pixel-art-delorean-ti]
[www.pixelsfinance.site/newblacklogo960_edited.2c.delayed]
[static.wixstatic.com/media/6193b3_bc1bcc63c0c34abf8054e54a178584a6_mv2.png/v1/crop/x_112,y_24,w_763,h_274/fill/w_110,h_40,al_c,usm_0.66_1.00_0.01,blur_2/newblacklogo960_edited.png]
[static.wixstatic.com/media/6193b3_fd9d1dc4a8094290a3c14d348e5384d8_mv2.gif]
[www.pixelsfinance.site/home.html]
[static.wixstatic.com/media/6193b3_bea55d8d49a845ac8f81117b9308eba6_mv2.png/v1/fill/w_180,h_115,al_c,usm_0.66_1.00_0.01,blur_2/Group_2_edited.png]
[www.pixelsfinance.site/whitepaper.html]
[www.pixelsfinance.site/mario1.html]
[www.pixelsfinance.site/Group_2_edited.html]
[www.pixelsfinance.site/newblacklogo960_edited.html]
